<?xml version="1.0" encoding="UTF-8"?>
<testsuite xmlns:xsi="http://www.w3.org/2001/XMLSchema-instance" xsi:noNamespaceSchemaLocation="https://maven.apache.org/surefire/maven-surefire-plugin/xsd/surefire-test-report.xsd" name="mflix.api.daos.FacetedSearchTest" time="4.714" tests="3" errors="1" skipped="0" failures="2">
  <properties>
[...]
</properties>
  <testcase name="testRatingRuntimeBuckets" classname="mflix.api.daos.FacetedSearchTest" time="0.804">
    <error type="java.lang.NullPointerException">java.lang.NullPointerException
	at mflix.api.daos.FacetedSearchTest.testRatingRuntimeBuckets(FacetedSearchTest.java:49)
</error>
    <system-out><![CDATA[15:18:14.033 [main] DEBUG org.springframework.test.context.junit4.SpringJUnit4ClassRunner - SpringJUnit4ClassRunner constructor called with [class mflix.api.daos.FacetedSearchTest]
15:18:14.038 [main] DEBUG org.springframework.test.context.BootstrapUtils - Instantiating CacheAwareContextLoaderDelegate from class [org.springframework.test.context.cache.DefaultCacheAwareContextLoaderDelegate]
15:18:14.048 [main] DEBUG org.springframework.test.context.BootstrapUtils - Instantiating BootstrapContext using constructor [public org.springframework.test.context.support.DefaultBootstrapContext(java.lang.Class,org.springframework.test.context.CacheAwareContextLoaderDelegate)]
15:18:14.070 [main] DEBUG org.springframework.test.context.BootstrapUtils - Instantiating TestContextBootstrapper for test class [mflix.api.daos.FacetedSearchTest] from class [org.springframework.boot.test.context.SpringBootTestContextBootstrapper]
15:18:14.085 [main] INFO org.springframework.boot.test.context.SpringBootTestContextBootstrapper - Neither @ContextConfiguration nor @ContextHierarchy found for test class [mflix.api.daos.FacetedSearchTest], using SpringBootContextLoader
15:18:14.089 [main] DEBUG org.springframework.test.context.support.AbstractContextLoader - Did not detect default resource location for test class [mflix.api.daos.FacetedSearchTest]: class path resource [mflix/api/daos/FacetedSearchTest-context.xml] does not exist
15:18:14.090 [main] DEBUG org.springframework.test.context.support.AbstractContextLoader - Did not detect default resource location for test class [mflix.api.daos.FacetedSearchTest]: class path resource [mflix/api/daos/FacetedSearchTestContext.groovy] does not exist
15:18:14.090 [main] INFO org.springframework.test.context.support.AbstractContextLoader - Could not detect default resource locations for test class [mflix.api.daos.FacetedSearchTest]: no resource found for suffixes {-context.xml, Context.groovy}.
15:18:14.157 [main] DEBUG org.springframework.test.context.support.ActiveProfilesUtils - Could not find an 'annotation declaring class' for annotation type [org.springframework.test.context.ActiveProfiles] and class [mflix.api.daos.FacetedSearchTest]
15:18:14.259 [main] DEBUG org.springframework.boot.test.context.SpringBootTestContextBootstrapper - @TestExecutionListeners is not present for class [mflix.api.daos.FacetedSearchTest]: using defaults.
15:18:14.259 [main] INFO org.springframework.boot.test.context.SpringBootTestContextBootstrapper - Loaded default TestExecutionListener class names from location [META-INF/spring.factories]: [org.springframework.boot.test.mock.mockito.MockitoTestExecutionListener, org.springframework.boot.test.mock.mockito.ResetMocksTestExecutionListener, org.springframework.boot.test.autoconfigure.restdocs.RestDocsTestExecutionListener, org.springframework.boot.test.autoconfigure.web.client.MockRestServiceServerResetTestExecutionListener, org.springframework.boot.test.autoconfigure.web.servlet.MockMvcPrintOnlyOnFailureTestExecutionListener, org.springframework.boot.test.autoconfigure.web.servlet.WebDriverTestExecutionListener, org.springframework.test.context.web.ServletTestExecutionListener, org.springframework.test.context.support.DirtiesContextBeforeModesTestExecutionListener, org.springframework.test.context.support.DependencyInjectionTestExecutionListener, org.springframework.test.context.support.DirtiesContextTestExecutionListener, org.springframework.test.context.transaction.TransactionalTestExecutionListener, org.springframework.test.context.jdbc.SqlScriptsTestExecutionListener]
15:18:14.271 [main] DEBUG org.springframework.boot.test.context.SpringBootTestContextBootstrapper - Skipping candidate TestExecutionListener [org.springframework.test.context.transaction.TransactionalTestExecutionListener] due to a missing dependency. Specify custom listener classes or make the default listener classes and their required dependencies available. Offending class: [org/springframework/transaction/interceptor/TransactionAttributeSource]
15:18:14.272 [main] DEBUG org.springframework.boot.test.context.SpringBootTestContextBootstrapper - Skipping candidate TestExecutionListener [org.springframework.test.context.jdbc.SqlScriptsTestExecutionListener] due to a missing dependency. Specify custom listener classes or make the default listener classes and their required dependencies available. Offending class: [org/springframework/transaction/interceptor/TransactionAttribute]
15:18:14.272 [main] INFO org.springframework.boot.test.context.SpringBootTestContextBootstrapper - Using TestExecutionListeners: [org.springframework.test.context.web.ServletTestExecutionListener@957e06, org.springframework.test.context.support.DirtiesContextBeforeModesTestExecutionListener@32502377, org.springframework.boot.test.mock.mockito.MockitoTestExecutionListener@2c1b194a, org.springframework.boot.test.autoconfigure.SpringBootDependencyInjectionTestExecutionListener@4dbb42b7, org.springframework.test.context.support.DirtiesContextTestExecutionListener@66f57048, org.springframework.boot.test.mock.mockito.ResetMocksTestExecutionListener@550dbc7a, org.springframework.boot.test.autoconfigure.restdocs.RestDocsTestExecutionListener@21282ed8, org.springframework.boot.test.autoconfigure.web.client.MockRestServiceServerResetTestExecutionListener@36916eb0, org.springframework.boot.test.autoconfigure.web.servlet.MockMvcPrintOnlyOnFailureTestExecutionListener@7bab3f1a, org.springframework.boot.test.autoconfigure.web.servlet.WebDriverTestExecutionListener@437da279]
15:18:14.274 [main] DEBUG org.springframework.test.annotation.ProfileValueUtils - Retrieved @ProfileValueSourceConfiguration [null] for test class [mflix.api.daos.FacetedSearchTest]
15:18:14.274 [main] DEBUG org.springframework.test.annotation.ProfileValueUtils - Retrieved ProfileValueSource type [class org.springframework.test.annotation.SystemProfileValueSource] for class [mflix.api.daos.FacetedSearchTest]
15:18:14.275 [main] DEBUG org.springframework.test.annotation.ProfileValueUtils - Retrieved @ProfileValueSourceConfiguration [null] for test class [mflix.api.daos.FacetedSearchTest]
15:18:14.275 [main] DEBUG org.springframework.test.annotation.ProfileValueUtils - Retrieved ProfileValueSource type [class org.springframework.test.annotation.SystemProfileValueSource] for class [mflix.api.daos.FacetedSearchTest]
15:18:14.276 [main] DEBUG org.springframework.test.annotation.ProfileValueUtils - Retrieved @ProfileValueSourceConfiguration [null] for test class [mflix.api.daos.FacetedSearchTest]
15:18:14.276 [main] DEBUG org.springframework.test.annotation.ProfileValueUtils - Retrieved ProfileValueSource type [class org.springframework.test.annotation.SystemProfileValueSource] for class [mflix.api.daos.FacetedSearchTest]
15:18:14.280 [main] DEBUG org.springframework.test.context.support.AbstractDirtiesContextTestExecutionListener - Before test class: context [DefaultTestContext@2d52216b testClass = FacetedSearchTest, testInstance = [null], testMethod = [null], testException = [null], mergedContextConfiguration = [WebMergedContextConfiguration@242b836 testClass = FacetedSearchTest, locations = '{}', classes = '{class mflix.config.MongoDBConfiguration, class mflix.config.MongoDBConfiguration}', contextInitializerClasses = '[]', activeProfiles = '{}', propertySourceLocations = '{}', propertySourceProperties = '{org.springframework.boot.test.context.SpringBootTestContextBootstrapper=true}', contextCustomizers = set[[ImportsContextCustomizer@3f6f6701 key = [@org.springframework.test.context.BootstrapWith(value=org.springframework.boot.test.context.SpringBootTestContextBootstrapper.class), @org.springframework.boot.autoconfigure.AutoConfigurationPackage(), @org.springframework.boot.context.properties.EnableConfigurationProperties(value={}), @org.springframework.context.annotation.Import(value={org.springframework.boot.autoconfigure.AutoConfigurationPackages$Registrar.class}), @org.springframework.boot.autoconfigure.EnableAutoConfiguration(exclude={}, excludeName={}), @org.springframework.context.annotation.Import(value={org.springframework.boot.autoconfigure.AutoConfigurationImportSelector.class}), @org.junit.runner.RunWith(value=org.springframework.test.context.junit4.SpringJUnit4ClassRunner.class), @org.springframework.boot.test.context.SpringBootTest(webEnvironment=MOCK, value={}, properties={}, classes={mflix.config.MongoDBConfiguration.class}), @org.springframework.context.annotation.Import(value={org.springframework.boot.context.properties.EnableConfigurationPropertiesImportSelector.class})]], org.springframework.boot.test.context.filter.ExcludeFilterContextCustomizer@2c767a52, org.springframework.boot.test.json.DuplicateJsonObjectContextCustomizerFactory$DuplicateJsonObjectContextCustomizer@68999068, org.springframework.boot.test.mock.mockito.MockitoContextCustomizer@0, org.springframework.boot.test.web.client.TestRestTemplateContextCustomizer@333291e3, org.springframework.boot.test.autoconfigure.properties.PropertyMappingContextCustomizer@0, org.springframework.boot.test.autoconfigure.web.servlet.WebDriverContextCustomizerFactory$Customizer@5af3afd9], resourceBasePath = 'src/main/webapp', contextLoader = 'org.springframework.boot.test.context.SpringBootContextLoader', parent = [null]], attributes = map['org.springframework.test.context.web.ServletTestExecutionListener.activateListener' -> true]], class annotated with @DirtiesContext [false] with mode [null].
15:18:14.281 [main] DEBUG org.springframework.test.annotation.ProfileValueUtils - Retrieved @ProfileValueSourceConfiguration [null] for test class [mflix.api.daos.FacetedSearchTest]
15:18:14.281 [main] DEBUG org.springframework.test.annotation.ProfileValueUtils - Retrieved ProfileValueSource type [class org.springframework.test.annotation.SystemProfileValueSource] for class [mflix.api.daos.FacetedSearchTest]
15:18:14.304 [main] DEBUG org.springframework.core.env.StandardEnvironment - Adding PropertySource 'systemProperties' with lowest search precedence
15:18:14.304 [main] DEBUG org.springframework.core.env.StandardEnvironment - Adding PropertySource 'systemEnvironment' with lowest search precedence
15:18:14.305 [main] DEBUG org.springframework.core.env.StandardEnvironment - Initialized StandardEnvironment with PropertySources [MapPropertySource@673586830 {name='systemProperties', properties={java.specification.version=13, sun.jnu.encoding=UTF-8, java.class.path=/Users/gautamsolaimalai/Desktop/Personal/mongodb/m220j/mflix/target/test-classes:/Users/gautamsolaimalai/Desktop/Personal/mongodb/m220j/mflix/target/classes:/Users/gautamsolaimalai/.m2/repository/org/springframework/boot/spring-boot-starter-web/2.0.3.RELEASE/spring-boot-starter-web-2.0.3.RELEASE.jar:/Users/gautamsolaimalai/.m2/repository/org/springframework/boot/spring-boot-starter/2.0.3.RELEASE/spring-boot-starter-2.0.3.RELEASE.jar:/Users/gautamsolaimalai/.m2/repository/org/springframework/boot/spring-boot-starter-logging/2.0.3.RELEASE/spring-boot-starter-logging-2.0.3.RELEASE.jar:/Users/gautamsolaimalai/.m2/repository/ch/qos/logback/logback-classic/1.2.3/logback-classic-1.2.3.jar:/Users/gautamsolaimalai/.m2/repository/ch/qos/logback/logback-core/1.2.3/logback-core-1.2.3.jar:/Users/gautamsolaimalai/.m2/repository/org/apache/logging/log4j/log4j-to-slf4j/2.10.0/log4j-to-slf4j-2.10.0.jar:/Users/gautamsolaimalai/.m2/repository/org/apache/logging/log4j/log4j-api/2.10.0/log4j-api-2.10.0.jar:/Users/gautamsolaimalai/.m2/repository/org/slf4j/jul-to-slf4j/1.7.25/jul-to-slf4j-1.7.25.jar:/Users/gautamsolaimalai/.m2/repository/javax/annotation/javax.annotation-api/1.3.2/javax.annotation-api-1.3.2.jar:/Users/gautamsolaimalai/.m2/repository/org/yaml/snakeyaml/1.19/snakeyaml-1.19.jar:/Users/gautamsolaimalai/.m2/repository/org/springframework/boot/spring-boot-starter-json/2.0.3.RELEASE/spring-boot-starter-json-2.0.3.RELEASE.jar:/Users/gautamsolaimalai/.m2/repository/com/fasterxml/jackson/datatype/jackson-datatype-jdk8/2.9.6/jackson-datatype-jdk8-2.9.6.jar:/Users/gautamsolaimalai/.m2/repository/com/fasterxml/jackson/datatype/jackson-datatype-jsr310/2.9.6/jackson-datatype-jsr310-2.9.6.jar:/Users/gautamsolaimalai/.m2/repository/com/fasterxml/jackson/module/jackson-module-parameter-names/2.9.6/jackson-module-parameter-names-2.9.6.jar:/Users/gautamsolaimalai/.m2/repository/org/springframework/boot/spring-boot-starter-tomcat/2.0.3.RELEASE/spring-boot-starter-tomcat-2.0.3.RELEASE.jar:/Users/gautamsolaimalai/.m2/repository/org/apache/tomcat/embed/tomcat-embed-core/8.5.31/tomcat-embed-core-8.5.31.jar:/Users/gautamsolaimalai/.m2/repository/org/apache/tomcat/embed/tomcat-embed-el/8.5.31/tomcat-embed-el-8.5.31.jar:/Users/gautamsolaimalai/.m2/repository/org/apache/tomcat/embed/tomcat-embed-websocket/8.5.31/tomcat-embed-websocket-8.5.31.jar:/Users/gautamsolaimalai/.m2/repository/org/hibernate/validator/hibernate-validator/6.0.10.Final/hibernate-validator-6.0.10.Final.jar:/Users/gautamsolaimalai/.m2/repository/javax/validation/validation-api/2.0.1.Final/validation-api-2.0.1.Final.jar:/Users/gautamsolaimalai/.m2/repository/org/jboss/logging/jboss-logging/3.3.2.Final/jboss-logging-3.3.2.Final.jar:/Users/gautamsolaimalai/.m2/repository/com/fasterxml/classmate/1.3.4/classmate-1.3.4.jar:/Users/gautamsolaimalai/.m2/repository/org/springframework/spring-webmvc/5.0.7.RELEASE/spring-webmvc-5.0.7.RELEASE.jar:/Users/gautamsolaimalai/.m2/repository/org/springframework/boot/spring-boot-starter-test/2.0.3.RELEASE/spring-boot-starter-test-2.0.3.RELEASE.jar:/Users/gautamsolaimalai/.m2/repository/org/springframework/boot/spring-boot-test/2.0.3.RELEASE/spring-boot-test-2.0.3.RELEASE.jar:/Users/gautamsolaimalai/.m2/repository/org/springframework/boot/spring-boot-test-autoconfigure/2.0.3.RELEASE/spring-boot-test-autoconfigure-2.0.3.RELEASE.jar:/Users/gautamsolaimalai/.m2/repository/com/jayway/jsonpath/json-path/2.4.0/json-path-2.4.0.jar:/Users/gautamsolaimalai/.m2/repository/net/minidev/json-smart/2.3/json-smart-2.3.jar:/Users/gautamsolaimalai/.m2/repository/net/minidev/accessors-smart/1.2/accessors-smart-1.2.jar:/Users/gautamsolaimalai/.m2/repository/org/ow2/asm/asm/5.0.4/asm-5.0.4.jar:/Users/gautamsolaimalai/.m2/repository/org/slf4j/slf4j-api/1.7.25/slf4j-api-1.7.25.jar:/Users/gautamsolaimalai/.m2/repository/junit/junit/4.12/junit-4.12.jar:/Users/gautamsolaimalai/.m2/repository/org/assertj/assertj-core/3.9.1/assertj-core-3.9.1.jar:/Users/gautamsolaimalai/.m2/repository/org/mockito/mockito-core/2.15.0/mockito-core-2.15.0.jar:/Users/gautamsolaimalai/.m2/repository/net/bytebuddy/byte-buddy/1.7.9/byte-buddy-1.7.9.jar:/Users/gautamsolaimalai/.m2/repository/net/bytebuddy/byte-buddy-agent/1.7.9/byte-buddy-agent-1.7.9.jar:/Users/gautamsolaimalai/.m2/repository/org/objenesis/objenesis/2.6/objenesis-2.6.jar:/Users/gautamsolaimalai/.m2/repository/org/hamcrest/hamcrest-core/1.3/hamcrest-core-1.3.jar:/Users/gautamsolaimalai/.m2/repository/org/hamcrest/hamcrest-library/1.3/hamcrest-library-1.3.jar:/Users/gautamsolaimalai/.m2/repository/org/skyscreamer/jsonassert/1.5.0/jsonassert-1.5.0.jar:/Users/gautamsolaimalai/.m2/repository/com/vaadin/external/google/android-json/0.0.20131108.vaadin1/android-json-0.0.20131108.vaadin1.jar:/Users/gautamsolaimalai/.m2/repository/org/springframework/spring-test/5.0.7.RELEASE/spring-test-5.0.7.RELEASE.jar:/Users/gautamsolaimalai/.m2/repository/org/xmlunit/xmlunit-core/2.5.1/xmlunit-core-2.5.1.jar:/Users/gautamsolaimalai/.m2/repository/org/springframework/boot/spring-boot-starter-security/2.0.4.RELEASE/spring-boot-starter-security-2.0.4.RELEASE.jar:/Users/gautamsolaimalai/.m2/repository/org/springframework/spring-aop/5.0.8.RELEASE/spring-aop-5.0.8.RELEASE.jar:/Users/gautamsolaimalai/.m2/repository/org/springframework/security/spring-security-config/5.0.7.RELEASE/spring-security-config-5.0.7.RELEASE.jar:/Users/gautamsolaimalai/.m2/repository/org/springframework/security/spring-security-core/5.0.7.RELEASE/spring-security-core-5.0.7.RELEASE.jar:/Users/gautamsolaimalai/.m2/repository/org/springframework/security/spring-security-web/5.0.7.RELEASE/spring-security-web-5.0.7.RELEASE.jar:/Users/gautamsolaimalai/.m2/repository/org/springframework/boot/spring-boot/2.0.4.RELEASE/spring-boot-2.0.4.RELEASE.jar:/Users/gautamsolaimalai/.m2/repository/org/springframework/spring-context/5.0.7.RELEASE/spring-context-5.0.7.RELEASE.jar:/Users/gautamsolaimalai/.m2/repository/org/springframework/spring-beans/5.0.7.RELEASE/spring-beans-5.0.7.RELEASE.jar:/Users/gautamsolaimalai/.m2/repository/org/springframework/spring-expression/5.0.7.RELEASE/spring-expression-5.0.7.RELEASE.jar:/Users/gautamsolaimalai/.m2/repository/org/springframework/spring-core/5.0.7.RELEASE/spring-core-5.0.7.RELEASE.jar:/Users/gautamsolaimalai/.m2/repository/org/springframework/spring-jcl/5.0.7.RELEASE/spring-jcl-5.0.7.RELEASE.jar:/Users/gautamsolaimalai/.m2/repository/org/springframework/boot/spring-boot-autoconfigure/2.0.3.RELEASE/spring-boot-autoconfigure-2.0.3.RELEASE.jar:/Users/gautamsolaimalai/.m2/repository/org/springframework/spring-web/5.0.7.RELEASE/spring-web-5.0.7.RELEASE.jar:/Users/gautamsolaimalai/.m2/repository/io/jsonwebtoken/jjwt/0.9.1/jjwt-0.9.1.jar:/Users/gautamsolaimalai/.m2/repository/com/fasterxml/jackson/core/jackson-databind/2.9.6/jackson-databind-2.9.6.jar:/Users/gautamsolaimalai/.m2/repository/com/fasterxml/jackson/core/jackson-annotations/2.9.0/jackson-annotations-2.9.0.jar:/Users/gautamsolaimalai/.m2/repository/com/fasterxml/jackson/core/jackson-core/2.9.6/jackson-core-2.9.6.jar:/Users/gautamsolaimalai/.m2/repository/org/junit/jupiter/junit-jupiter-api/5.1.0/junit-jupiter-api-5.1.0.jar:/Users/gautamsolaimalai/.m2/repository/org/apiguardian/apiguardian-api/1.0.0/apiguardian-api-1.0.0.jar:/Users/gautamsolaimalai/.m2/repository/org/opentest4j/opentest4j/1.0.0/opentest4j-1.0.0.jar:/Users/gautamsolaimalai/.m2/repository/org/junit/platform/junit-platform-commons/1.1.0/junit-platform-commons-1.1.0.jar:/Users/gautamsolaimalai/.m2/repository/org/mongodb/mongodb-driver-sync/3.9.1/mongodb-driver-sync-3.9.1.jar:/Users/gautamsolaimalai/.m2/repository/org/mongodb/bson/3.9.1/bson-3.9.1.jar:/Users/gautamsolaimalai/.m2/repository/org/mongodb/mongodb-driver-core/3.9.1/mongodb-driver-core-3.9.1.jar:, java.vm.vendor=Oracle Corporation, sun.arch.data.model=64, java.vendor.url=https://java.oracle.com/, user.timezone=America/New_York, java.vm.specification.version=13, os.name=Mac OS X, sun.java.launcher=SUN_STANDARD, user.country=US, sun.boot.library.path=/Library/Java/JavaVirtualMachines/openjdk-13.0.1.jdk/Contents/Home/lib, sun.java.command=/Users/gautamsolaimalai/Desktop/Personal/mongodb/m220j/mflix/target/surefire/surefirebooter10874998343349241988.jar /Users/gautamsolaimalai/Desktop/Personal/mongodb/m220j/mflix/target/surefire 2020-01-16T15-18-13_398-jvmRun1 surefire16160391005687198749tmp surefire_013670376120297304398tmp, jdk.debug=release, surefire.test.class.path=/Users/gautamsolaimalai/Desktop/Personal/mongodb/m220j/mflix/target/test-classes:/Users/gautamsolaimalai/Desktop/Personal/mongodb/m220j/mflix/target/classes:/Users/gautamsolaimalai/.m2/repository/org/springframework/boot/spring-boot-starter-web/2.0.3.RELEASE/spring-boot-starter-web-2.0.3.RELEASE.jar:/Users/gautamsolaimalai/.m2/repository/org/springframework/boot/spring-boot-starter/2.0.3.RELEASE/spring-boot-starter-2.0.3.RELEASE.jar:/Users/gautamsolaimalai/.m2/repository/org/springframework/boot/spring-boot-starter-logging/2.0.3.RELEASE/spring-boot-starter-logging-2.0.3.RELEASE.jar:/Users/gautamsolaimalai/.m2/repository/ch/qos/logback/logback-classic/1.2.3/logback-classic-1.2.3.jar:/Users/gautamsolaimalai/.m2/repository/ch/qos/logback/logback-core/1.2.3/logback-core-1.2.3.jar:/Users/gautamsolaimalai/.m2/repository/org/apache/logging/log4j/log4j-to-slf4j/2.10.0/log4j-to-slf4j-2.10.0.jar:/Users/gautamsolaimalai/.m2/repository/org/apache/logging/log4j/log4j-api/2.10.0/log4j-api-2.10.0.jar:/Users/gautamsolaimalai/.m2/repository/org/slf4j/jul-to-slf4j/1.7.25/jul-to-slf4j-1.7.25.jar:/Users/gautamsolaimalai/.m2/repository/javax/annotation/javax.annotation-api/1.3.2/javax.annotation-api-1.3.2.jar:/Users/gautamsolaimalai/.m2/repository/org/yaml/snakeyaml/1.19/snakeyaml-1.19.jar:/Users/gautamsolaimalai/.m2/repository/org/springframework/boot/spring-boot-starter-json/2.0.3.RELEASE/spring-boot-starter-json-2.0.3.RELEASE.jar:/Users/gautamsolaimalai/.m2/repository/com/fasterxml/jackson/datatype/jackson-datatype-jdk8/2.9.6/jackson-datatype-jdk8-2.9.6.jar:/Users/gautamsolaimalai/.m2/repository/com/fasterxml/jackson/datatype/jackson-datatype-jsr310/2.9.6/jackson-datatype-jsr310-2.9.6.jar:/Users/gautamsolaimalai/.m2/repository/com/fasterxml/jackson/module/jackson-module-parameter-names/2.9.6/jackson-module-parameter-names-2.9.6.jar:/Users/gautamsolaimalai/.m2/repository/org/springframework/boot/spring-boot-starter-tomcat/2.0.3.RELEASE/spring-boot-starter-tomcat-2.0.3.RELEASE.jar:/Users/gautamsolaimalai/.m2/repository/org/apache/tomcat/embed/tomcat-embed-core/8.5.31/tomcat-embed-core-8.5.31.jar:/Users/gautamsolaimalai/.m2/repository/org/apache/tomcat/embed/tomcat-embed-el/8.5.31/tomcat-embed-el-8.5.31.jar:/Users/gautamsolaimalai/.m2/repository/org/apache/tomcat/embed/tomcat-embed-websocket/8.5.31/tomcat-embed-websocket-8.5.31.jar:/Users/gautamsolaimalai/.m2/repository/org/hibernate/validator/hibernate-validator/6.0.10.Final/hibernate-validator-6.0.10.Final.jar:/Users/gautamsolaimalai/.m2/repository/javax/validation/validation-api/2.0.1.Final/validation-api-2.0.1.Final.jar:/Users/gautamsolaimalai/.m2/repository/org/jboss/logging/jboss-logging/3.3.2.Final/jboss-logging-3.3.2.Final.jar:/Users/gautamsolaimalai/.m2/repository/com/fasterxml/classmate/1.3.4/classmate-1.3.4.jar:/Users/gautamsolaimalai/.m2/repository/org/springframework/spring-webmvc/5.0.7.RELEASE/spring-webmvc-5.0.7.RELEASE.jar:/Users/gautamsolaimalai/.m2/repository/org/springframework/boot/spring-boot-starter-test/2.0.3.RELEASE/spring-boot-starter-test-2.0.3.RELEASE.jar:/Users/gautamsolaimalai/.m2/repository/org/springframework/boot/spring-boot-test/2.0.3.RELEASE/spring-boot-test-2.0.3.RELEASE.jar:/Users/gautamsolaimalai/.m2/repository/org/springframework/boot/spring-boot-test-autoconfigure/2.0.3.RELEASE/spring-boot-test-autoconfigure-2.0.3.RELEASE.jar:/Users/gautamsolaimalai/.m2/repository/com/jayway/jsonpath/json-path/2.4.0/json-path-2.4.0.jar:/Users/gautamsolaimalai/.m2/repository/net/minidev/json-smart/2.3/json-smart-2.3.jar:/Users/gautamsolaimalai/.m2/repository/net/minidev/accessors-smart/1.2/accessors-smart-1.2.jar:/Users/gautamsolaimalai/.m2/repository/org/ow2/asm/asm/5.0.4/asm-5.0.4.jar:/Users/gautamsolaimalai/.m2/repository/org/slf4j/slf4j-api/1.7.25/slf4j-api-1.7.25.jar:/Users/gautamsolaimalai/.m2/repository/junit/junit/4.12/junit-4.12.jar:/Users/gautamsolaimalai/.m2/repository/org/assertj/assertj-core/3.9.1/assertj-core-3.9.1.jar:/Users/gautamsolaimalai/.m2/repository/org/mockito/mockito-core/2.15.0/mockito-core-2.15.0.jar:/Users/gautamsolaimalai/.m2/repository/net/bytebuddy/byte-buddy/1.7.9/byte-buddy-1.7.9.jar:/Users/gautamsolaimalai/.m2/repository/net/bytebuddy/byte-buddy-agent/1.7.9/byte-buddy-agent-1.7.9.jar:/Users/gautamsolaimalai/.m2/repository/org/objenesis/objenesis/2.6/objenesis-2.6.jar:/Users/gautamsolaimalai/.m2/repository/org/hamcrest/hamcrest-core/1.3/hamcrest-core-1.3.jar:/Users/gautamsolaimalai/.m2/repository/org/hamcrest/hamcrest-library/1.3/hamcrest-library-1.3.jar:/Users/gautamsolaimalai/.m2/repository/org/skyscreamer/jsonassert/1.5.0/jsonassert-1.5.0.jar:/Users/gautamsolaimalai/.m2/repository/com/vaadin/external/google/android-json/0.0.20131108.vaadin1/android-json-0.0.20131108.vaadin1.jar:/Users/gautamsolaimalai/.m2/repository/org/springframework/spring-test/5.0.7.RELEASE/spring-test-5.0.7.RELEASE.jar:/Users/gautamsolaimalai/.m2/repository/org/xmlunit/xmlunit-core/2.5.1/xmlunit-core-2.5.1.jar:/Users/gautamsolaimalai/.m2/repository/org/springframework/boot/spring-boot-starter-security/2.0.4.RELEASE/spring-boot-starter-security-2.0.4.RELEASE.jar:/Users/gautamsolaimalai/.m2/repository/org/springframework/spring-aop/5.0.8.RELEASE/spring-aop-5.0.8.RELEASE.jar:/Users/gautamsolaimalai/.m2/repository/org/springframework/security/spring-security-config/5.0.7.RELEASE/spring-security-config-5.0.7.RELEASE.jar:/Users/gautamsolaimalai/.m2/repository/org/springframework/security/spring-security-core/5.0.7.RELEASE/spring-security-core-5.0.7.RELEASE.jar:/Users/gautamsolaimalai/.m2/repository/org/springframework/security/spring-security-web/5.0.7.RELEASE/spring-security-web-5.0.7.RELEASE.jar:/Users/gautamsolaimalai/.m2/repository/org/springframework/boot/spring-boot/2.0.4.RELEASE/spring-boot-2.0.4.RELEASE.jar:/Users/gautamsolaimalai/.m2/repository/org/springframework/spring-context/5.0.7.RELEASE/spring-context-5.0.7.RELEASE.jar:/Users/gautamsolaimalai/.m2/repository/org/springframework/spring-beans/5.0.7.RELEASE/spring-beans-5.0.7.RELEASE.jar:/Users/gautamsolaimalai/.m2/repository/org/springframework/spring-expression/5.0.7.RELEASE/spring-expression-5.0.7.RELEASE.jar:/Users/gautamsolaimalai/.m2/repository/org/springframework/spring-core/5.0.7.RELEASE/spring-core-5.0.7.RELEASE.jar:/Users/gautamsolaimalai/.m2/repository/org/springframework/spring-jcl/5.0.7.RELEASE/spring-jcl-5.0.7.RELEASE.jar:/Users/gautamsolaimalai/.m2/repository/org/springframework/boot/spring-boot-autoconfigure/2.0.3.RELEASE/spring-boot-autoconfigure-2.0.3.RELEASE.jar:/Users/gautamsolaimalai/.m2/repository/org/springframework/spring-web/5.0.7.RELEASE/spring-web-5.0.7.RELEASE.jar:/Users/gautamsolaimalai/.m2/repository/io/jsonwebtoken/jjwt/0.9.1/jjwt-0.9.1.jar:/Users/gautamsolaimalai/.m2/repository/com/fasterxml/jackson/core/jackson-databind/2.9.6/jackson-databind-2.9.6.jar:/Users/gautamsolaimalai/.m2/repository/com/fasterxml/jackson/core/jackson-annotations/2.9.0/jackson-annotations-2.9.0.jar:/Users/gautamsolaimalai/.m2/repository/com/fasterxml/jackson/core/jackson-core/2.9.6/jackson-core-2.9.6.jar:/Users/gautamsolaimalai/.m2/repository/org/junit/jupiter/junit-jupiter-api/5.1.0/junit-jupiter-api-5.1.0.jar:/Users/gautamsolaimalai/.m2/repository/org/apiguardian/apiguardian-api/1.0.0/apiguardian-api-1.0.0.jar:/Users/gautamsolaimalai/.m2/repository/org/opentest4j/opentest4j/1.0.0/opentest4j-1.0.0.jar:/Users/gautamsolaimalai/.m2/repository/org/junit/platform/junit-platform-commons/1.1.0/junit-platform-commons-1.1.0.jar:/Users/gautamsolaimalai/.m2/repository/org/mongodb/mongodb-driver-sync/3.9.1/mongodb-driver-sync-3.9.1.jar:/Users/gautamsolaimalai/.m2/repository/org/mongodb/bson/3.9.1/bson-3.9.1.jar:/Users/gautamsolaimalai/.m2/repository/org/mongodb/mongodb-driver-core/3.9.1/mongodb-driver-core-3.9.1.jar:, sun.cpu.endian=little, user.home=/Users/gautamsolaimalai, user.language=en, java.specification.vendor=Oracle Corporation, java.version.date=2019-10-15, java.home=/Library/Java/JavaVirtualMachines/openjdk-13.0.1.jdk/Contents/Home, file.separator=/, basedir=/Users/gautamsolaimalai/Desktop/Personal/mongodb/m220j/mflix, java.vm.compressedOopsMode=Zero based, line.separator=
, java.specification.name=Java Platform API Specification, java.vm.specification.vendor=Oracle Corporation, surefire.real.class.path=/Users/gautamsolaimalai/Desktop/Personal/mongodb/m220j/mflix/target/surefire/surefirebooter10874998343349241988.jar, sun.management.compiler=HotSpot 64-Bit Tiered Compilers, java.runtime.version=13.0.1+9, user.name=gautamsolaimalai, path.separator=:, os.version=10.15.2, java.runtime.name=OpenJDK Runtime Environment, file.encoding=UTF-8, java.vm.name=OpenJDK 64-Bit Server VM, localRepository=/Users/gautamsolaimalai/.m2/repository, java.vendor.url.bug=https://bugreport.java.com/bugreport/, java.io.tmpdir=/var/folders/ds/g3kpsr651ll2v2_j8ff2pdl40000gn/T/, java.version=13.0.1, user.dir=/Users/gautamsolaimalai/Desktop/Personal/mongodb/m220j/mflix, os.arch=x86_64, java.vm.specification.name=Java Virtual Machine Specification, java.library.path=/Users/gautamsolaimalai/Library/Java/Extensions:/Library/Java/Extensions:/Network/Library/Java/Extensions:/System/Library/Java/Extensions:/usr/lib/java:., java.vm.info=mixed mode, sharing, java.vendor=Oracle Corporation, java.vm.version=13.0.1+9, sun.io.unicode.encoding=UnicodeBig, java.class.version=57.0}}, SystemEnvironmentPropertySource@225672073 {name='systemEnvironment', properties={PATH=/usr/local/bin:/usr/bin:/bin:/usr/sbin:/sbin, JAVA_HOME=/Library/Java/JavaVirtualMachines/openjdk-13.0.1.jdk/Contents/Home, TERM=xterm-256color, LANG=en_US.UTF-8, COLORTERM=truecolor, LOGNAME=gautamsolaimalai, APPLICATION_INSIGHTS_NO_DIAGNOSTIC_CHANNEL=true, XPC_SERVICE_NAME=0, PWD=/Users/gautamsolaimalai/Desktop/Personal/mongodb/m220j/mflix, TERM_PROGRAM_VERSION=1.41.1, MAVEN_CMD_LINE_ARGS= test, _=/Library/Java/JavaVirtualMachines/openjdk-13.0.1.jdk/Contents/Home/bin/java, SHELL=/bin/zsh, TERM_PROGRAM=vscode, PAGER=less, LSCOLORS=Gxfxcxdxbxegedabagacad, MAVEN_PROJECTBASEDIR=/Users/gautamsolaimalai/Desktop/Personal/mongodb/m220j/mflix, OLDPWD=/Users/gautamsolaimalai/Desktop/Personal/mongodb/m220j/mflix, SECURITYSESSIONID=186a6, USER=gautamsolaimalai, ZSH=/Users/gautamsolaimalai/.oh-my-zsh, LaunchInstanceID=CE1FFA1A-D44E-4683-B292-8E2F026EC4E7, TMPDIR=/var/folders/ds/g3kpsr651ll2v2_j8ff2pdl40000gn/T/, SSH_AUTH_SOCK=/private/tmp/com.apple.launchd.wO8ta5KvSw/Listeners, XPC_FLAGS=0x0, TERM_SESSION_ID=EAAEC8B4-2652-4328-A42C-86CBD2F953E4, __CF_USER_TEXT_ENCODING=0x1F5:0x0:0x0, JAVA_MAIN_CLASS_19720=org.codehaus.plexus.classworlds.launcher.Launcher, LESS=-R, JAVA_MAIN_CLASS_19744=org.apache.maven.surefire.booter.ForkedBooter, SHLVL=2, HOME=/Users/gautamsolaimalai}}]
15:18:14.311 [main] DEBUG org.springframework.test.context.support.TestPropertySourceUtils - Adding inlined properties to environment: {spring.jmx.enabled=false, org.springframework.boot.test.context.SpringBootTestContextBootstrapper=true, server.port=-1}
15:18:14.311 [main] DEBUG org.springframework.core.env.StandardEnvironment - Adding PropertySource 'Inlined Test Properties' with highest search precedence

  .   ____          _            __ _ _
 /\\ / ___'_ __ _ _(_)_ __  __ _ \ \ \ \
( ( )\___ | '_ | '_| | '_ \/ _` | \ \ \ \
 \\/  ___)| |_)| | | | | || (_| |  ) ) ) )
  '  |____| .__|_| |_|_| |_\__, | / / / /
 =========|_|==============|___/=/_/_/_/
 :: Spring Boot ::        (v2.0.4.RELEASE)

2020-01-16 15:18:14.674  INFO 19744 --- [           main] mflix.api.daos.FacetedSearchTest         : Starting FacetedSearchTest on Gautams-MacBook-Pro-2.local with PID 19744 (started by gautamsolaimalai in /Users/gautamsolaimalai/Desktop/Personal/mongodb/m220j/mflix)
2020-01-16 15:18:14.676  INFO 19744 --- [           main] mflix.api.daos.FacetedSearchTest         : No active profile set, falling back to default profiles: default
2020-01-16 15:18:14.711  INFO 19744 --- [           main] o.s.w.c.s.GenericWebApplicationContext   : Refreshing org.springframework.web.context.support.GenericWebApplicationContext@49c66ade: startup date [Thu Jan 16 15:18:14 EST 2020]; root of context hierarchy
2020-01-16 15:18:16.037  INFO 19744 --- [           main] org.mongodb.driver.cluster               : Cluster created with settings {hosts=[mflix-shard-00-02-fd263.mongodb.net:27017, mflix-shard-00-00-fd263.mongodb.net:27017, mflix-shard-00-01-fd263.mongodb.net:27017], mode=MULTIPLE, requiredClusterType=REPLICA_SET, serverSelectionTimeout='30000 ms', maxWaitQueueSize=500, requiredReplicaSetName='mflix-shard-0'}
2020-01-16 15:18:16.037  INFO 19744 --- [           main] org.mongodb.driver.cluster               : Adding discovered server mflix-shard-00-02-fd263.mongodb.net:27017 to client view of cluster
2020-01-16 15:18:16.081  INFO 19744 --- [           main] org.mongodb.driver.cluster               : Adding discovered server mflix-shard-00-00-fd263.mongodb.net:27017 to client view of cluster
2020-01-16 15:18:16.083  INFO 19744 --- [           main] org.mongodb.driver.cluster               : Adding discovered server mflix-shard-00-01-fd263.mongodb.net:27017 to client view of cluster
2020-01-16 15:18:16.482  INFO 19744 --- [           main] o.s.w.s.handler.SimpleUrlHandlerMapping  : Mapped URL path [/**/favicon.ico] onto handler of type [class org.springframework.web.servlet.resource.ResourceHttpRequestHandler]
2020-01-16 15:18:16.796  INFO 19744 --- [           main] s.w.s.m.m.a.RequestMappingHandlerAdapter : Looking for @ControllerAdvice: org.springframework.web.context.support.GenericWebApplicationContext@49c66ade: startup date [Thu Jan 16 15:18:14 EST 2020]; root of context hierarchy
2020-01-16 15:18:16.881  INFO 19744 --- [           main] s.w.s.m.m.a.RequestMappingHandlerMapping : Mapped "{[/error]}" onto public org.springframework.http.ResponseEntity<java.util.Map<java.lang.String, java.lang.Object>> org.springframework.boot.autoconfigure.web.servlet.error.BasicErrorController.error(javax.servlet.http.HttpServletRequest)
2020-01-16 15:18:16.882  INFO 19744 --- [           main] s.w.s.m.m.a.RequestMappingHandlerMapping : Mapped "{[/error],produces=[text/html]}" onto public org.springframework.web.servlet.ModelAndView org.springframework.boot.autoconfigure.web.servlet.error.BasicErrorController.errorHtml(javax.servlet.http.HttpServletRequest,javax.servlet.http.HttpServletResponse)
2020-01-16 15:18:16.916  INFO 19744 --- [           main] o.s.w.s.handler.SimpleUrlHandlerMapping  : Mapped URL path [/webjars/**] onto handler of type [class org.springframework.web.servlet.resource.ResourceHttpRequestHandler]
2020-01-16 15:18:16.916  INFO 19744 --- [           main] o.s.w.s.handler.SimpleUrlHandlerMapping  : Mapped URL path [/**] onto handler of type [class org.springframework.web.servlet.resource.ResourceHttpRequestHandler]
2020-01-16 15:18:16.937  INFO 19744 --- [ngodb.net:27017] org.mongodb.driver.connection            : Opened connection [connectionId{localValue:3, serverValue:111761}] to mflix-shard-00-00-fd263.mongodb.net:27017
2020-01-16 15:18:16.966  INFO 19744 --- [ngodb.net:27017] org.mongodb.driver.connection            : Opened connection [connectionId{localValue:1, serverValue:147043}] to mflix-shard-00-01-fd263.mongodb.net:27017
2020-01-16 15:18:16.966  INFO 19744 --- [ngodb.net:27017] org.mongodb.driver.connection            : Opened connection [connectionId{localValue:2, serverValue:87350}] to mflix-shard-00-02-fd263.mongodb.net:27017
2020-01-16 15:18:16.981  INFO 19744 --- [           main] o.s.b.a.w.s.WelcomePageHandlerMapping    : Adding welcome page: class path resource [build/index.html]
2020-01-16 15:18:16.995  INFO 19744 --- [ngodb.net:27017] org.mongodb.driver.cluster               : Monitor thread successfully connected to server with description ServerDescription{address=mflix-shard-00-00-fd263.mongodb.net:27017, type=REPLICA_SET_SECONDARY, state=CONNECTED, ok=true, version=ServerVersion{versionList=[4, 2, 2]}, minWireVersion=0, maxWireVersion=8, maxDocumentSize=16777216, logicalSessionTimeoutMinutes=30, roundTripTimeNanos=54620668, setName='mflix-shard-0', canonicalAddress=mflix-shard-00-00-fd263.mongodb.net:27017, hosts=[mflix-shard-00-00-fd263.mongodb.net:27017, mflix-shard-00-02-fd263.mongodb.net:27017, mflix-shard-00-01-fd263.mongodb.net:27017], passives=[], arbiters=[], primary='mflix-shard-00-02-fd263.mongodb.net:27017', tagSet=TagSet{[Tag{name='region', value='US_EAST_1'}, Tag{name='provider', value='AWS'}, Tag{name='nodeType', value='ELECTABLE'}]}, electionId=null, setVersion=2, lastWriteDate=Thu Jan 16 15:18:06 EST 2020, lastUpdateTimeNanos=14260564802398}
2020-01-16 15:18:17.026  INFO 19744 --- [ngodb.net:27017] org.mongodb.driver.cluster               : Monitor thread successfully connected to server with description ServerDescription{address=mflix-shard-00-01-fd263.mongodb.net:27017, type=REPLICA_SET_SECONDARY, state=CONNECTED, ok=true, version=ServerVersion{versionList=[4, 2, 2]}, minWireVersion=0, maxWireVersion=8, maxDocumentSize=16777216, logicalSessionTimeoutMinutes=30, roundTripTimeNanos=59097073, setName='mflix-shard-0', canonicalAddress=mflix-shard-00-01-fd263.mongodb.net:27017, hosts=[mflix-shard-00-00-fd263.mongodb.net:27017, mflix-shard-00-02-fd263.mongodb.net:27017, mflix-shard-00-01-fd263.mongodb.net:27017], passives=[], arbiters=[], primary='mflix-shard-00-02-fd263.mongodb.net:27017', tagSet=TagSet{[Tag{name='provider', value='AWS'}, Tag{name='nodeType', value='ELECTABLE'}, Tag{name='region', value='US_EAST_1'}]}, electionId=null, setVersion=2, lastWriteDate=Thu Jan 16 15:18:06 EST 2020, lastUpdateTimeNanos=14260596865795}
2020-01-16 15:18:17.027  INFO 19744 --- [ngodb.net:27017] org.mongodb.driver.cluster               : Monitor thread successfully connected to server with description ServerDescription{address=mflix-shard-00-02-fd263.mongodb.net:27017, type=REPLICA_SET_PRIMARY, state=CONNECTED, ok=true, version=ServerVersion{versionList=[4, 2, 2]}, minWireVersion=0, maxWireVersion=8, maxDocumentSize=16777216, logicalSessionTimeoutMinutes=30, roundTripTimeNanos=59780555, setName='mflix-shard-0', canonicalAddress=mflix-shard-00-02-fd263.mongodb.net:27017, hosts=[mflix-shard-00-00-fd263.mongodb.net:27017, mflix-shard-00-02-fd263.mongodb.net:27017, mflix-shard-00-01-fd263.mongodb.net:27017], passives=[], arbiters=[], primary='mflix-shard-00-02-fd263.mongodb.net:27017', tagSet=TagSet{[Tag{name='region', value='US_EAST_1'}, Tag{name='provider', value='AWS'}, Tag{name='nodeType', value='ELECTABLE'}]}, electionId=7fffffff0000000000000006, setVersion=2, lastWriteDate=Thu Jan 16 15:18:06 EST 2020, lastUpdateTimeNanos=14260597585902}
2020-01-16 15:18:17.027  INFO 19744 --- [ngodb.net:27017] org.mongodb.driver.cluster               : Setting max election id to 7fffffff0000000000000006 from replica set primary mflix-shard-00-02-fd263.mongodb.net:27017
2020-01-16 15:18:17.027  INFO 19744 --- [ngodb.net:27017] org.mongodb.driver.cluster               : Setting max set version to 2 from replica set primary mflix-shard-00-02-fd263.mongodb.net:27017
2020-01-16 15:18:17.028  INFO 19744 --- [ngodb.net:27017] org.mongodb.driver.cluster               : Discovered replica set primary mflix-shard-00-02-fd263.mongodb.net:27017
2020-01-16 15:18:17.168  INFO 19744 --- [           main] .s.s.UserDetailsServiceAutoConfiguration : 

Using generated security password: 487c49ab-7729-4537-b2e7-d41702e9deef

2020-01-16 15:18:17.316  INFO 19744 --- [           main] o.s.s.web.DefaultSecurityFilterChain     : Creating filter chain: org.springframework.security.web.util.matcher.AnyRequestMatcher@1, [org.springframework.security.web.context.request.async.WebAsyncManagerIntegrationFilter@479b5066, org.springframework.security.web.context.SecurityContextPersistenceFilter@949c598, org.springframework.security.web.header.HeaderWriterFilter@63cf9de0, org.springframework.security.web.csrf.CsrfFilter@53e76c11, org.springframework.security.web.authentication.logout.LogoutFilter@4ecd00b5, org.springframework.security.web.authentication.UsernamePasswordAuthenticationFilter@228bda54, org.springframework.security.web.authentication.ui.DefaultLoginPageGeneratingFilter@3f81621c, org.springframework.security.web.authentication.www.BasicAuthenticationFilter@4eb9f2af, org.springframework.security.web.savedrequest.RequestCacheAwareFilter@76e9f00b, org.springframework.security.web.servletapi.SecurityContextHolderAwareRequestFilter@7c2924d7, org.springframework.security.web.authentication.AnonymousAuthenticationFilter@64deb58f, org.springframework.security.web.session.SessionManagementFilter@5befbac1, org.springframework.security.web.access.ExceptionTranslationFilter@6badba10, org.springframework.security.web.access.intercept.FilterSecurityInterceptor@7bf01cb]
2020-01-16 15:18:17.412  INFO 19744 --- [           main] mflix.api.daos.FacetedSearchTest         : Started FacetedSearchTest in 3.088 seconds (JVM running for 3.821)
2020-01-16 15:18:18.063  INFO 19744 --- [           main] org.mongodb.driver.connection            : Opened connection [connectionId{localValue:4, serverValue:146490}] to mflix-shard-00-02-fd263.mongodb.net:27017
]]></system-out>
  </testcase>
  <testcase name="testFacetedSearchPaging" classname="mflix.api.daos.FacetedSearchTest" time="0.186">
    <failure message="Should return a list of one faceted document expected:&lt;1&gt; but was:&lt;44&gt;" type="java.lang.AssertionError"><![CDATA[java.lang.AssertionError: Should return a list of one faceted document expected:<1> but was:<44>
	at mflix.api.daos.FacetedSearchTest.testFacetedSearchPaging(FacetedSearchTest.java:71)
]]></failure>
  </testcase>
  <testcase name="testFacetedMultipleCast" classname="mflix.api.daos.FacetedSearchTest" time="0.153">
    <failure message="Should return a list of one faceted document expected:&lt;1&gt; but was:&lt;56&gt;" type="java.lang.AssertionError"><![CDATA[java.lang.AssertionError: Should return a list of one faceted document expected:<1> but was:<56>
	at mflix.api.daos.FacetedSearchTest.testFacetedMultipleCast(FacetedSearchTest.java:99)
]]></failure>
  </testcase>
</testsuite>