<?xml version="1.0" encoding="UTF-8"?>
<testsuite xmlns:xsi="http://www.w3.org/2001/XMLSchema-instance" xsi:noNamespaceSchemaLocation="https://maven.apache.org/surefire/maven-surefire-plugin/xsd/surefire-test-report.xsd" name="mflix.api.daos.PagingTest" time="8.853" tests="4" errors="1" skipped="0" failures="1">
  <properties>
[...]
</properties>
  <testcase name="testPagingByCast" classname="mflix.api.daos.PagingTest" time="0">
    <error message="filter can not be null" type="java.lang.IllegalArgumentException">java.lang.IllegalArgumentException: filter can not be null
	at mflix.api.daos.PagingTest.testPagingByCast(PagingTest.java:44)
</error>
    <system-out><![CDATA[2020-01-16 15:19:01.546  INFO 19744 --- [           main] .b.t.c.SpringBootTestContextBootstrapper : Neither @ContextConfiguration nor @ContextHierarchy found for test class [mflix.api.daos.PagingTest], using SpringBootContextLoader
2020-01-16 15:19:01.547  INFO 19744 --- [           main] o.s.t.c.support.AbstractContextLoader    : Could not detect default resource locations for test class [mflix.api.daos.PagingTest]: no resource found for suffixes {-context.xml, Context.groovy}.
2020-01-16 15:19:01.551  INFO 19744 --- [           main] .b.t.c.SpringBootTestContextBootstrapper : Loaded default TestExecutionListener class names from location [META-INF/spring.factories]: [org.springframework.boot.test.mock.mockito.MockitoTestExecutionListener, org.springframework.boot.test.mock.mockito.ResetMocksTestExecutionListener, org.springframework.boot.test.autoconfigure.restdocs.RestDocsTestExecutionListener, org.springframework.boot.test.autoconfigure.web.client.MockRestServiceServerResetTestExecutionListener, org.springframework.boot.test.autoconfigure.web.servlet.MockMvcPrintOnlyOnFailureTestExecutionListener, org.springframework.boot.test.autoconfigure.web.servlet.WebDriverTestExecutionListener, org.springframework.test.context.web.ServletTestExecutionListener, org.springframework.test.context.support.DirtiesContextBeforeModesTestExecutionListener, org.springframework.test.context.support.DependencyInjectionTestExecutionListener, org.springframework.test.context.support.DirtiesContextTestExecutionListener, org.springframework.test.context.transaction.TransactionalTestExecutionListener, org.springframework.test.context.jdbc.SqlScriptsTestExecutionListener]
2020-01-16 15:19:01.552  INFO 19744 --- [           main] .b.t.c.SpringBootTestContextBootstrapper : Using TestExecutionListeners: [org.springframework.test.context.web.ServletTestExecutionListener@30abf79c, org.springframework.test.context.support.DirtiesContextBeforeModesTestExecutionListener@49a38b1, org.springframework.boot.test.mock.mockito.MockitoTestExecutionListener@681061d6, org.springframework.boot.test.autoconfigure.SpringBootDependencyInjectionTestExecutionListener@53d6e959, org.springframework.test.context.support.DirtiesContextTestExecutionListener@3caee3a8, org.springframework.boot.test.mock.mockito.ResetMocksTestExecutionListener@69a40b3c, org.springframework.boot.test.autoconfigure.restdocs.RestDocsTestExecutionListener@251c90f, org.springframework.boot.test.autoconfigure.web.client.MockRestServiceServerResetTestExecutionListener@6629643d, org.springframework.boot.test.autoconfigure.web.servlet.MockMvcPrintOnlyOnFailureTestExecutionListener@2dd178f3, org.springframework.boot.test.autoconfigure.web.servlet.WebDriverTestExecutionListener@64656b9e]
]]></system-out>
  </testcase>
  <testcase name="testPagingByText" classname="mflix.api.daos.PagingTest" time="0.7"/>
  <testcase name="testPagingByTextAndSkip" classname="mflix.api.daos.PagingTest" time="0.391"/>
  <testcase name="testPagingByGenre" classname="mflix.api.daos.PagingTest" time="7.754">
    <failure message="Check the query used in () in MoviesDao.java expected:&lt;20&gt; but was:&lt;999&gt;" type="java.lang.AssertionError"><![CDATA[java.lang.AssertionError: Check the query used in () in MoviesDao.java expected:<20> but was:<999>
	at mflix.api.daos.PagingTest.testPagingByGenre(PagingTest.java:92)
]]></failure>
    <system-out><![CDATA[2020-01-16 15:19:03.156  INFO 19744 --- [ngodb.net:27017] org.mongodb.driver.cluster               : Monitor thread successfully connected to server with description ServerDescription{address=mflix-shard-00-00-fd263.mongodb.net:27017, type=REPLICA_SET_SECONDARY, state=CONNECTED, ok=true, version=ServerVersion{versionList=[4, 2, 2]}, minWireVersion=0, maxWireVersion=8, maxDocumentSize=16777216, logicalSessionTimeoutMinutes=30, roundTripTimeNanos=301502463, setName='mflix-shard-0', canonicalAddress=mflix-shard-00-00-fd263.mongodb.net:27017, hosts=[mflix-shard-00-00-fd263.mongodb.net:27017, mflix-shard-00-02-fd263.mongodb.net:27017, mflix-shard-00-01-fd263.mongodb.net:27017], passives=[], arbiters=[], primary='mflix-shard-00-02-fd263.mongodb.net:27017', tagSet=TagSet{[Tag{name='nodeType', value='ELECTABLE'}, Tag{name='provider', value='AWS'}, Tag{name='region', value='US_EAST_1'}]}, electionId=null, setVersion=2, lastWriteDate=Thu Jan 16 15:19:02 EST 2020, lastUpdateTimeNanos=14306741520050}
2020-01-16 15:19:04.324  INFO 19744 --- [ngodb.net:27017] org.mongodb.driver.cluster               : Monitor thread successfully connected to server with description ServerDescription{address=mflix-shard-00-02-fd263.mongodb.net:27017, type=REPLICA_SET_PRIMARY, state=CONNECTED, ok=true, version=ServerVersion{versionList=[4, 2, 2]}, minWireVersion=0, maxWireVersion=8, maxDocumentSize=16777216, logicalSessionTimeoutMinutes=30, roundTripTimeNanos=276628487, setName='mflix-shard-0', canonicalAddress=mflix-shard-00-02-fd263.mongodb.net:27017, hosts=[mflix-shard-00-00-fd263.mongodb.net:27017, mflix-shard-00-02-fd263.mongodb.net:27017, mflix-shard-00-01-fd263.mongodb.net:27017], passives=[], arbiters=[], primary='mflix-shard-00-02-fd263.mongodb.net:27017', tagSet=TagSet{[Tag{name='provider', value='AWS'}, Tag{name='region', value='US_EAST_1'}, Tag{name='nodeType', value='ELECTABLE'}]}, electionId=7fffffff0000000000000006, setVersion=2, lastWriteDate=Thu Jan 16 15:19:02 EST 2020, lastUpdateTimeNanos=14307909970077}
2020-01-16 15:19:04.353  INFO 19744 --- [ngodb.net:27017] org.mongodb.driver.cluster               : Monitor thread successfully connected to server with description ServerDescription{address=mflix-shard-00-00-fd263.mongodb.net:27017, type=REPLICA_SET_SECONDARY, state=CONNECTED, ok=true, version=ServerVersion{versionList=[4, 2, 2]}, minWireVersion=0, maxWireVersion=8, maxDocumentSize=16777216, logicalSessionTimeoutMinutes=30, roundTripTimeNanos=348313023, setName='mflix-shard-0', canonicalAddress=mflix-shard-00-00-fd263.mongodb.net:27017, hosts=[mflix-shard-00-00-fd263.mongodb.net:27017, mflix-shard-00-02-fd263.mongodb.net:27017, mflix-shard-00-01-fd263.mongodb.net:27017], passives=[], arbiters=[], primary='mflix-shard-00-02-fd263.mongodb.net:27017', tagSet=TagSet{[Tag{name='nodeType', value='ELECTABLE'}, Tag{name='provider', value='AWS'}, Tag{name='region', value='US_EAST_1'}]}, electionId=null, setVersion=2, lastWriteDate=Thu Jan 16 15:19:02 EST 2020, lastUpdateTimeNanos=14307938548859}
2020-01-16 15:19:05.419  INFO 19744 --- [ngodb.net:27017] org.mongodb.driver.cluster               : Monitor thread successfully connected to server with description ServerDescription{address=mflix-shard-00-02-fd263.mongodb.net:27017, type=REPLICA_SET_PRIMARY, state=CONNECTED, ok=true, version=ServerVersion{versionList=[4, 2, 2]}, minWireVersion=0, maxWireVersion=8, maxDocumentSize=16777216, logicalSessionTimeoutMinutes=30, roundTripTimeNanos=114229809, setName='mflix-shard-0', canonicalAddress=mflix-shard-00-02-fd263.mongodb.net:27017, hosts=[mflix-shard-00-00-fd263.mongodb.net:27017, mflix-shard-00-02-fd263.mongodb.net:27017, mflix-shard-00-01-fd263.mongodb.net:27017], passives=[], arbiters=[], primary='mflix-shard-00-02-fd263.mongodb.net:27017', tagSet=TagSet{[Tag{name='nodeType', value='ELECTABLE'}, Tag{name='region', value='US_EAST_1'}, Tag{name='provider', value='AWS'}]}, electionId=7fffffff0000000000000006, setVersion=2, lastWriteDate=Thu Jan 16 15:19:02 EST 2020, lastUpdateTimeNanos=14309004895854}
2020-01-16 15:19:05.444  INFO 19744 --- [ngodb.net:27017] org.mongodb.driver.cluster               : Monitor thread successfully connected to server with description ServerDescription{address=mflix-shard-00-00-fd263.mongodb.net:27017, type=REPLICA_SET_SECONDARY, state=CONNECTED, ok=true, version=ServerVersion{versionList=[4, 2, 2]}, minWireVersion=0, maxWireVersion=8, maxDocumentSize=16777216, logicalSessionTimeoutMinutes=30, roundTripTimeNanos=122753468, setName='mflix-shard-0', canonicalAddress=mflix-shard-00-00-fd263.mongodb.net:27017, hosts=[mflix-shard-00-00-fd263.mongodb.net:27017, mflix-shard-00-02-fd263.mongodb.net:27017, mflix-shard-00-01-fd263.mongodb.net:27017], passives=[], arbiters=[], primary='mflix-shard-00-02-fd263.mongodb.net:27017', tagSet=TagSet{[Tag{name='nodeType', value='ELECTABLE'}, Tag{name='provider', value='AWS'}, Tag{name='region', value='US_EAST_1'}]}, electionId=null, setVersion=2, lastWriteDate=Thu Jan 16 15:19:02 EST 2020, lastUpdateTimeNanos=14309029444419}
2020-01-16 15:19:08.211  INFO 19744 --- [ngodb.net:27017] org.mongodb.driver.cluster               : Monitor thread successfully connected to server with description ServerDescription{address=mflix-shard-00-01-fd263.mongodb.net:27017, type=REPLICA_SET_SECONDARY, state=CONNECTED, ok=true, version=ServerVersion{versionList=[4, 2, 2]}, minWireVersion=0, maxWireVersion=8, maxDocumentSize=16777216, logicalSessionTimeoutMinutes=30, roundTripTimeNanos=219167979, setName='mflix-shard-0', canonicalAddress=mflix-shard-00-01-fd263.mongodb.net:27017, hosts=[mflix-shard-00-00-fd263.mongodb.net:27017, mflix-shard-00-02-fd263.mongodb.net:27017, mflix-shard-00-01-fd263.mongodb.net:27017], passives=[], arbiters=[], primary='mflix-shard-00-02-fd263.mongodb.net:27017', tagSet=TagSet{[Tag{name='nodeType', value='ELECTABLE'}, Tag{name='provider', value='AWS'}, Tag{name='region', value='US_EAST_1'}]}, electionId=null, setVersion=2, lastWriteDate=Thu Jan 16 15:19:02 EST 2020, lastUpdateTimeNanos=14311917003113}
2020-01-16 15:19:08.211  INFO 19744 --- [ngodb.net:27017] org.mongodb.driver.cluster               : Monitor thread successfully connected to server with description ServerDescription{address=mflix-shard-00-02-fd263.mongodb.net:27017, type=REPLICA_SET_PRIMARY, state=CONNECTED, ok=true, version=ServerVersion{versionList=[4, 2, 2]}, minWireVersion=0, maxWireVersion=8, maxDocumentSize=16777216, logicalSessionTimeoutMinutes=30, roundTripTimeNanos=218110682, setName='mflix-shard-0', canonicalAddress=mflix-shard-00-02-fd263.mongodb.net:27017, hosts=[mflix-shard-00-00-fd263.mongodb.net:27017, mflix-shard-00-02-fd263.mongodb.net:27017, mflix-shard-00-01-fd263.mongodb.net:27017], passives=[], arbiters=[], primary='mflix-shard-00-02-fd263.mongodb.net:27017', tagSet=TagSet{[Tag{name='provider', value='AWS'}, Tag{name='region', value='US_EAST_1'}, Tag{name='nodeType', value='ELECTABLE'}]}, electionId=7fffffff0000000000000006, setVersion=2, lastWriteDate=Thu Jan 16 15:19:02 EST 2020, lastUpdateTimeNanos=14311917562820}
]]></system-out>
  </testcase>
</testsuite>