<?xml version="1.0" encoding="UTF-8"?>
<testsuite xmlns:xsi="http://www.w3.org/2001/XMLSchema-instance" xsi:noNamespaceSchemaLocation="https://maven.apache.org/surefire/maven-surefire-plugin/xsd/surefire-test-report.xsd" name="mflix.api.daos.TimeoutsTest" time="0.779" tests="2" errors="2" skipped="0" failures="0">
  <properties>
[...]
</properties>
  <testcase name="testConfiguredConnectionTimeoutMs" classname="mflix.api.daos.TimeoutsTest" time="0.077">
    <error type="java.lang.NullPointerException">java.lang.NullPointerException
	at mflix.api.daos.TimeoutsTest.testConfiguredConnectionTimeoutMs(TimeoutsTest.java:58)
</error>
    <system-out><![CDATA[2020-01-16 15:18:19.579  INFO 19744 --- [           main] .b.t.c.SpringBootTestContextBootstrapper : Neither @ContextConfiguration nor @ContextHierarchy found for test class [mflix.api.daos.TimeoutsTest], using SpringBootContextLoader
2020-01-16 15:18:19.579  INFO 19744 --- [           main] o.s.t.c.support.AbstractContextLoader    : Could not detect default resource locations for test class [mflix.api.daos.TimeoutsTest]: no resource found for suffixes {-context.xml, Context.groovy}.
2020-01-16 15:18:19.582  INFO 19744 --- [           main] .b.t.c.SpringBootTestContextBootstrapper : Loaded default TestExecutionListener class names from location [META-INF/spring.factories]: [org.springframework.boot.test.mock.mockito.MockitoTestExecutionListener, org.springframework.boot.test.mock.mockito.ResetMocksTestExecutionListener, org.springframework.boot.test.autoconfigure.restdocs.RestDocsTestExecutionListener, org.springframework.boot.test.autoconfigure.web.client.MockRestServiceServerResetTestExecutionListener, org.springframework.boot.test.autoconfigure.web.servlet.MockMvcPrintOnlyOnFailureTestExecutionListener, org.springframework.boot.test.autoconfigure.web.servlet.WebDriverTestExecutionListener, org.springframework.test.context.web.ServletTestExecutionListener, org.springframework.test.context.support.DirtiesContextBeforeModesTestExecutionListener, org.springframework.test.context.support.DependencyInjectionTestExecutionListener, org.springframework.test.context.support.DirtiesContextTestExecutionListener, org.springframework.test.context.transaction.TransactionalTestExecutionListener, org.springframework.test.context.jdbc.SqlScriptsTestExecutionListener]
2020-01-16 15:18:19.584  INFO 19744 --- [           main] .b.t.c.SpringBootTestContextBootstrapper : Using TestExecutionListeners: [org.springframework.test.context.web.ServletTestExecutionListener@5b1efaaf, org.springframework.test.context.support.DirtiesContextBeforeModesTestExecutionListener@27585351, org.springframework.boot.test.mock.mockito.MockitoTestExecutionListener@2de6f1bc, org.springframework.boot.test.autoconfigure.SpringBootDependencyInjectionTestExecutionListener@5b35c7d, org.springframework.test.context.support.DirtiesContextTestExecutionListener@29d405e6, org.springframework.boot.test.mock.mockito.ResetMocksTestExecutionListener@4c731956, org.springframework.boot.test.autoconfigure.restdocs.RestDocsTestExecutionListener@56826a75, org.springframework.boot.test.autoconfigure.web.client.MockRestServiceServerResetTestExecutionListener@49cd946c, org.springframework.boot.test.autoconfigure.web.servlet.MockMvcPrintOnlyOnFailureTestExecutionListener@40bf4386, org.springframework.boot.test.autoconfigure.web.servlet.WebDriverTestExecutionListener@14d25b6e]

  .   ____          _            __ _ _
 /\\ / ___'_ __ _ _(_)_ __  __ _ \ \ \ \
( ( )\___ | '_ | '_| | '_ \/ _` | \ \ \ \
 \\/  ___)| |_)| | | | | || (_| |  ) ) ) )
  '  |____| .__|_| |_|_| |_\__, | / / / /
 =========|_|==============|___/=/_/_/_/
 :: Spring Boot ::        (v2.0.4.RELEASE)

2020-01-16 15:18:19.625  INFO 19744 --- [           main] mflix.api.daos.TimeoutsTest              : Starting TimeoutsTest on Gautams-MacBook-Pro-2.local with PID 19744 (started by gautamsolaimalai in /Users/gautamsolaimalai/Desktop/Personal/mongodb/m220j/mflix)
2020-01-16 15:18:19.626  INFO 19744 --- [           main] mflix.api.daos.TimeoutsTest              : No active profile set, falling back to default profiles: default
2020-01-16 15:18:19.628  INFO 19744 --- [           main] o.s.w.c.s.GenericWebApplicationContext   : Refreshing org.springframework.web.context.support.GenericWebApplicationContext@52bd9a27: startup date [Thu Jan 16 15:18:19 EST 2020]; root of context hierarchy
2020-01-16 15:18:19.849  INFO 19744 --- [           main] org.mongodb.driver.cluster               : Cluster created with settings {hosts=[mflix-shard-00-02-fd263.mongodb.net:27017, mflix-shard-00-00-fd263.mongodb.net:27017, mflix-shard-00-01-fd263.mongodb.net:27017], mode=MULTIPLE, requiredClusterType=REPLICA_SET, serverSelectionTimeout='30000 ms', maxWaitQueueSize=500, requiredReplicaSetName='mflix-shard-0'}
2020-01-16 15:18:19.849  INFO 19744 --- [           main] org.mongodb.driver.cluster               : Adding discovered server mflix-shard-00-02-fd263.mongodb.net:27017 to client view of cluster
2020-01-16 15:18:19.851  INFO 19744 --- [           main] org.mongodb.driver.cluster               : Adding discovered server mflix-shard-00-00-fd263.mongodb.net:27017 to client view of cluster
2020-01-16 15:18:19.852  INFO 19744 --- [           main] org.mongodb.driver.cluster               : Adding discovered server mflix-shard-00-01-fd263.mongodb.net:27017 to client view of cluster
2020-01-16 15:18:19.963  INFO 19744 --- [           main] o.s.w.s.handler.SimpleUrlHandlerMapping  : Mapped URL path [/**/favicon.ico] onto handler of type [class org.springframework.web.servlet.resource.ResourceHttpRequestHandler]
2020-01-16 15:18:20.030  INFO 19744 --- [           main] s.w.s.m.m.a.RequestMappingHandlerAdapter : Looking for @ControllerAdvice: org.springframework.web.context.support.GenericWebApplicationContext@52bd9a27: startup date [Thu Jan 16 15:18:19 EST 2020]; root of context hierarchy
2020-01-16 15:18:20.044  INFO 19744 --- [           main] s.w.s.m.m.a.RequestMappingHandlerMapping : Mapped "{[/error]}" onto public org.springframework.http.ResponseEntity<java.util.Map<java.lang.String, java.lang.Object>> org.springframework.boot.autoconfigure.web.servlet.error.BasicErrorController.error(javax.servlet.http.HttpServletRequest)
2020-01-16 15:18:20.045  INFO 19744 --- [           main] s.w.s.m.m.a.RequestMappingHandlerMapping : Mapped "{[/error],produces=[text/html]}" onto public org.springframework.web.servlet.ModelAndView org.springframework.boot.autoconfigure.web.servlet.error.BasicErrorController.errorHtml(javax.servlet.http.HttpServletRequest,javax.servlet.http.HttpServletResponse)
2020-01-16 15:18:20.061  INFO 19744 --- [           main] o.s.w.s.handler.SimpleUrlHandlerMapping  : Mapped URL path [/webjars/**] onto handler of type [class org.springframework.web.servlet.resource.ResourceHttpRequestHandler]
2020-01-16 15:18:20.061  INFO 19744 --- [           main] o.s.w.s.handler.SimpleUrlHandlerMapping  : Mapped URL path [/**] onto handler of type [class org.springframework.web.servlet.resource.ResourceHttpRequestHandler]
2020-01-16 15:18:20.083  INFO 19744 --- [           main] o.s.b.a.w.s.WelcomePageHandlerMapping    : Adding welcome page: class path resource [build/index.html]
2020-01-16 15:18:20.153  INFO 19744 --- [           main] .s.s.UserDetailsServiceAutoConfiguration : 

Using generated security password: 3f6e2814-cdfd-4428-a523-b9fa9940f453

2020-01-16 15:18:20.158  INFO 19744 --- [ngodb.net:27017] org.mongodb.driver.connection            : Opened connection [connectionId{localValue:6, serverValue:111761}] to mflix-shard-00-00-fd263.mongodb.net:27017
2020-01-16 15:18:20.162  INFO 19744 --- [ngodb.net:27017] org.mongodb.driver.connection            : Opened connection [connectionId{localValue:5, serverValue:122073}] to mflix-shard-00-02-fd263.mongodb.net:27017
2020-01-16 15:18:20.162  INFO 19744 --- [ngodb.net:27017] org.mongodb.driver.connection            : Opened connection [connectionId{localValue:7, serverValue:123693}] to mflix-shard-00-01-fd263.mongodb.net:27017
2020-01-16 15:18:20.202  INFO 19744 --- [ngodb.net:27017] org.mongodb.driver.cluster               : Monitor thread successfully connected to server with description ServerDescription{address=mflix-shard-00-00-fd263.mongodb.net:27017, type=REPLICA_SET_SECONDARY, state=CONNECTED, ok=true, version=ServerVersion{versionList=[4, 2, 2]}, minWireVersion=0, maxWireVersion=8, maxDocumentSize=16777216, logicalSessionTimeoutMinutes=30, roundTripTimeNanos=42739976, setName='mflix-shard-0', canonicalAddress=mflix-shard-00-00-fd263.mongodb.net:27017, hosts=[mflix-shard-00-00-fd263.mongodb.net:27017, mflix-shard-00-02-fd263.mongodb.net:27017, mflix-shard-00-01-fd263.mongodb.net:27017], passives=[], arbiters=[], primary='mflix-shard-00-02-fd263.mongodb.net:27017', tagSet=TagSet{[Tag{name='nodeType', value='ELECTABLE'}, Tag{name='provider', value='AWS'}, Tag{name='region', value='US_EAST_1'}]}, electionId=null, setVersion=2, lastWriteDate=Thu Jan 16 15:18:19 EST 2020, lastUpdateTimeNanos=14263775437628}
2020-01-16 15:18:20.207  INFO 19744 --- [ngodb.net:27017] org.mongodb.driver.cluster               : Monitor thread successfully connected to server with description ServerDescription{address=mflix-shard-00-02-fd263.mongodb.net:27017, type=REPLICA_SET_PRIMARY, state=CONNECTED, ok=true, version=ServerVersion{versionList=[4, 2, 2]}, minWireVersion=0, maxWireVersion=8, maxDocumentSize=16777216, logicalSessionTimeoutMinutes=30, roundTripTimeNanos=44373778, setName='mflix-shard-0', canonicalAddress=mflix-shard-00-02-fd263.mongodb.net:27017, hosts=[mflix-shard-00-00-fd263.mongodb.net:27017, mflix-shard-00-02-fd263.mongodb.net:27017, mflix-shard-00-01-fd263.mongodb.net:27017], passives=[], arbiters=[], primary='mflix-shard-00-02-fd263.mongodb.net:27017', tagSet=TagSet{[Tag{name='region', value='US_EAST_1'}, Tag{name='nodeType', value='ELECTABLE'}, Tag{name='provider', value='AWS'}]}, electionId=7fffffff0000000000000006, setVersion=2, lastWriteDate=Thu Jan 16 15:18:19 EST 2020, lastUpdateTimeNanos=14263780639234}
2020-01-16 15:18:20.207  INFO 19744 --- [ngodb.net:27017] org.mongodb.driver.cluster               : Setting max election id to 7fffffff0000000000000006 from replica set primary mflix-shard-00-02-fd263.mongodb.net:27017
2020-01-16 15:18:20.208  INFO 19744 --- [ngodb.net:27017] org.mongodb.driver.cluster               : Setting max set version to 2 from replica set primary mflix-shard-00-02-fd263.mongodb.net:27017
2020-01-16 15:18:20.208  INFO 19744 --- [ngodb.net:27017] org.mongodb.driver.cluster               : Discovered replica set primary mflix-shard-00-02-fd263.mongodb.net:27017
2020-01-16 15:18:20.214  INFO 19744 --- [           main] o.s.s.web.DefaultSecurityFilterChain     : Creating filter chain: org.springframework.security.web.util.matcher.AnyRequestMatcher@1, [org.springframework.security.web.context.request.async.WebAsyncManagerIntegrationFilter@4a216eb4, org.springframework.security.web.context.SecurityContextPersistenceFilter@1c98b4eb, org.springframework.security.web.header.HeaderWriterFilter@10f405ff, org.springframework.security.web.csrf.CsrfFilter@26c8b296, org.springframework.security.web.authentication.logout.LogoutFilter@6cc64028, org.springframework.security.web.authentication.UsernamePasswordAuthenticationFilter@11c88cca, org.springframework.security.web.authentication.ui.DefaultLoginPageGeneratingFilter@3520958b, org.springframework.security.web.authentication.www.BasicAuthenticationFilter@1b37fbec, org.springframework.security.web.savedrequest.RequestCacheAwareFilter@45801322, org.springframework.security.web.servletapi.SecurityContextHolderAwareRequestFilter@756b2d90, org.springframework.security.web.authentication.AnonymousAuthenticationFilter@bb3ecfe, org.springframework.security.web.session.SessionManagementFilter@7f27f59b, org.springframework.security.web.access.ExceptionTranslationFilter@1d289d3f, org.springframework.security.web.access.intercept.FilterSecurityInterceptor@6a1568d6]
2020-01-16 15:18:20.230  INFO 19744 --- [ngodb.net:27017] org.mongodb.driver.cluster               : Monitor thread successfully connected to server with description ServerDescription{address=mflix-shard-00-01-fd263.mongodb.net:27017, type=REPLICA_SET_SECONDARY, state=CONNECTED, ok=true, version=ServerVersion{versionList=[4, 2, 2]}, minWireVersion=0, maxWireVersion=8, maxDocumentSize=16777216, logicalSessionTimeoutMinutes=30, roundTripTimeNanos=67574971, setName='mflix-shard-0', canonicalAddress=mflix-shard-00-01-fd263.mongodb.net:27017, hosts=[mflix-shard-00-00-fd263.mongodb.net:27017, mflix-shard-00-02-fd263.mongodb.net:27017, mflix-shard-00-01-fd263.mongodb.net:27017], passives=[], arbiters=[], primary='mflix-shard-00-02-fd263.mongodb.net:27017', tagSet=TagSet{[Tag{name='region', value='US_EAST_1'}, Tag{name='provider', value='AWS'}, Tag{name='nodeType', value='ELECTABLE'}]}, electionId=null, setVersion=2, lastWriteDate=Thu Jan 16 15:18:19 EST 2020, lastUpdateTimeNanos=14263803859864}
2020-01-16 15:18:20.282  INFO 19744 --- [           main] mflix.api.daos.TimeoutsTest              : Started TimeoutsTest in 0.696 seconds (JVM running for 6.695)
2020-01-16 15:18:20.311  INFO 19744 --- [           main] org.mongodb.driver.cluster               : Cluster created with settings {hosts=[mflix-shard-00-02-fd263.mongodb.net:27017, mflix-shard-00-00-fd263.mongodb.net:27017, mflix-shard-00-01-fd263.mongodb.net:27017], mode=MULTIPLE, requiredClusterType=REPLICA_SET, serverSelectionTimeout='30000 ms', maxWaitQueueSize=500, requiredReplicaSetName='mflix-shard-0'}
2020-01-16 15:18:20.311  INFO 19744 --- [           main] org.mongodb.driver.cluster               : Adding discovered server mflix-shard-00-02-fd263.mongodb.net:27017 to client view of cluster
2020-01-16 15:18:20.312  INFO 19744 --- [           main] org.mongodb.driver.cluster               : Adding discovered server mflix-shard-00-00-fd263.mongodb.net:27017 to client view of cluster
2020-01-16 15:18:20.313  INFO 19744 --- [           main] org.mongodb.driver.cluster               : Adding discovered server mflix-shard-00-01-fd263.mongodb.net:27017 to client view of cluster
]]></system-out>
  </testcase>
  <testcase name="testConfiguredWtimeout" classname="mflix.api.daos.TimeoutsTest" time="0.019">
    <error type="java.lang.NullPointerException">java.lang.NullPointerException
	at mflix.api.daos.TimeoutsTest.testConfiguredWtimeout(TimeoutsTest.java:49)
</error>
    <system-out><![CDATA[2020-01-16 15:18:20.379  INFO 19744 --- [           main] org.mongodb.driver.cluster               : Cluster created with settings {hosts=[mflix-shard-00-02-fd263.mongodb.net:27017, mflix-shard-00-00-fd263.mongodb.net:27017, mflix-shard-00-01-fd263.mongodb.net:27017], mode=MULTIPLE, requiredClusterType=REPLICA_SET, serverSelectionTimeout='30000 ms', maxWaitQueueSize=500, requiredReplicaSetName='mflix-shard-0'}
2020-01-16 15:18:20.379  INFO 19744 --- [           main] org.mongodb.driver.cluster               : Adding discovered server mflix-shard-00-02-fd263.mongodb.net:27017 to client view of cluster
2020-01-16 15:18:20.380  INFO 19744 --- [           main] org.mongodb.driver.cluster               : Adding discovered server mflix-shard-00-00-fd263.mongodb.net:27017 to client view of cluster
2020-01-16 15:18:20.381  INFO 19744 --- [           main] org.mongodb.driver.cluster               : Adding discovered server mflix-shard-00-01-fd263.mongodb.net:27017 to client view of cluster
]]></system-out>
  </testcase>
</testsuite>